<?xml version="1.0" encoding="utf-8"?><testsuites name="pytest tests"><testsuite name="pytest" errors="0" failures="0" skipped="0" tests="13" time="1.535" timestamp="2026-06-28T19:55:05.236171+00:00" hostname="agent-env-c42b8059-02ed-4dce-bc1f-c0898f2409cc"><testcase classname="tests.test_limo_api" name="test_api_root" time="0.204" /><testcase classname="tests.test_limo_api" name="test_create_booking_returns_inquiry" time="0.045" /><testcase classname="tests.test_limo_api" name="test_create_booking_missing_field_returns_422" time="0.042" /><testcase classname="tests.test_limo_api" name="test_create_booking_invalid_email" time="0.043" /><testcase classname="tests.test_limo_api" name="test_admin_login_correct_password" time="0.042" /><testcase classname="tests.test_limo_api" name="test_admin_login_wrong_password" time="0.044" /><testcase classname="tests.test_limo_api" name="test_admin_bookings_no_auth_returns_401" time="0.096" /><testcase classname="tests.test_limo_api" name="test_admin_bookings_with_token" time="0.086" /><testcase classname="tests.test_limo_api" name="test_admin_stats" time="0.043" /><testcase classname="tests.test_limo_api" name="test_admin_stats_no_auth" time="0.129" /><testcase classname="tests.test_limo_api" name="test_patch_booking_status" time="0.086" /><testcase classname="tests.test_limo_api" name="test_patch_booking_status_unknown_id" time="0.041" /><testcase classname="tests.test_limo_api" name="test_patch_no_auth" time="0.136" /></testsuite></testsuites>